[debug] [2017-09-06T18:00:00.825Z] ----------------------------------------------------------------------
[debug] [2017-09-06T18:00:00.827Z] Command:      /usr/local/Cellar/node/8.1.3/bin/node /usr/local/bin/firebase deploy
[debug] [2017-09-06T18:00:00.827Z] CLI Version:  3.9.1
[debug] [2017-09-06T18:00:00.827Z] Platform:     darwin
[debug] [2017-09-06T18:00:00.827Z] Node Version: v8.1.3
[debug] [2017-09-06T18:00:00.827Z] Time:         Wed Sep 06 2017 12:00:00 GMT-0600 (MDT)
[debug] [2017-09-06T18:00:00.827Z] ----------------------------------------------------------------------
[debug] 
[debug] [2017-09-06T18:00:00.838Z] > command requires scopes: ["email","openid","https://www.googleapis.com/auth/cloudplatformprojects.readonly","https://www.googleapis.com/auth/firebase","https://www.googleapis.com/auth/cloud-platform"]
[debug] [2017-09-06T18:00:00.838Z] > authorizing via signed-in user
[debug] [2017-09-06T18:00:00.840Z] >>> HTTP REQUEST GET https://admin.firebase.com/v1/projects/nattitude-de367  
 Wed Sep 06 2017 12:00:00 GMT-0600 (MDT)
[debug] [2017-09-06T18:00:01.224Z] <<< HTTP RESPONSE 200
[debug] [2017-09-06T18:00:01.226Z] >>> HTTP REQUEST GET https://admin.firebase.com/v1/database/nattitude-de367/tokens  
 Wed Sep 06 2017 12:00:01 GMT-0600 (MDT)
[debug] [2017-09-06T18:00:01.726Z] <<< HTTP RESPONSE 200
[info] 
[info] === Deploying to 'nattitude-de367'...
[info] 
[info] i  deploying hosting
[info] i  hosting: preparing ./ directory for upload...
[debug] [2017-09-06T18:00:03.031Z] >>> HTTP REQUEST PUT https://deploy.firebase.com/v1/hosting/nattitude-de367/uploads/-KtNLK8_fuDBLG94UVs8?fileCount=664&message=  
 Wed Sep 06 2017 12:00:03 GMT-0600 (MDT)
[debug] [2017-09-06T18:01:00.935Z] <<< HTTP RESPONSE 200
[debug] [2017-09-06T18:01:00.935Z] [hosting] .tgz uploaded successfully, waiting for extraction
[error] 
[error] Error: File upload failed: Deploy failed.
[debug] [2017-09-06T18:01:32.465Z] Error Context: {
  "duration": 87346,
  "fileCount": 661,
  "ip": "128.177.113.102",
  "start": 1504720804777,
  "status": "failed",
  "statusMessage": "Deploy failed.",
  "uid": "113740174038888362741",
  "uploadedCount": 661,
  "user": {
    "email": "jae.holderby@gmail.com",
    "gaiaId": "113740174038888362741",
    "image": "https://lh3.googleusercontent.com/-XdUIqdMkCWA/AAAAAAAAAAI/AAAAAAAAAAA/4252rscbv5M/photo.jpg"
  }
}
